<?xml version="1.0" encoding="utf-8"?><testsuites><testsuite name="pytest" errors="0" failures="1" skipped="0" tests="24" time="0.172" timestamp="2026-06-26T16:57:21.694584+07:00" hostname="DESKTOP-P02PQHS"><testcase classname="app.rag.smoke_test.test_rag_tool_integration.TestRagToolWithRealHotelIds" name="test_hotel_ask_input_with_real_ids" time="0.001" /><testcase classname="app.rag.smoke_test.test_rag_tool_integration.TestRagToolWithRealHotelIds" name="test_hotel_ask_input_duplicate_ids" time="0.000" /><testcase classname="app.rag.smoke_test.test_rag_tool_integration.TestRagToolWithRealHotelIds" name="test_search_rag_with_real_hotel_ids" time="0.001" /><testcase classname="app.rag.smoke_test.test_rag_tool_integration.TestRagToolWithRealHotelIds" name="test_normalize_chunks_with_qdrant_data" time="0.000" /><testcase classname="app.rag.smoke_test.test_rag_tool_integration.TestRagToolWithRealHotelIds" name="test_multiple_hotels_response" time="0.000" /><testcase classname="app.rag.smoke_test.test_rag_tool_integration.TestRagToolWithRealHotelIds" name="test_tool_initialization_for_multiple_hotels" time="0.000" /><testcase classname="app.rag.smoke_test.test_rag_tool_integration.TestRagToolWithRealHotelIds" name="test_query_with_multiple_sections" time="0.000" /><testcase classname="app.rag.smoke_test.test_rag_tool_integration.TestRealWorldScenarios" name="test_search_luxury_hotel_amenities" time="0.000" /><testcase classname="app.rag.smoke_test.test_rag_tool_integration.TestRealWorldScenarios" name="test_search_room_comparison_multiple_hotels" time="0.000" /><testcase classname="app.rag.smoke_test.test_rag_tool_integration.TestRealWorldScenarios" name="test_search_with_location_context" time="0.000" /><testcase classname="app.rag.smoke_test.test_rag_tool_integration.TestRealWorldScenarios" name="test_search_specific_amenity" time="0.000" /><testcase classname="app.rag.smoke_test.test_rag_tool_integration.TestRealWorldScenarios" name="test_chunk_quality_scoring" time="0.000" /><testcase classname="app.rag.smoke_test.test_rag_tool_integration.TestErrorHandlingWithRealIds" name="test_invalid_hotel_id_handling" time="0.000" /><testcase classname="app.rag.smoke_test.test_rag_tool_integration.TestErrorHandlingWithRealIds" name="test_empty_response_handling" time="0.000" /><testcase classname="app.rag.smoke_test.test_rag_tool_integration.TestErrorHandlingWithRealIds" name="test_malformed_chunk_handling" time="0.001"><failure message="AssertionError: assert 2 == 1&#10; +  where 2 = len([HotelAskChunk(score=0.0, chunk_id=None, section=None, content='Valid chunk', metadata={'hotel_id': 12345, 'query': 'test', 'source': 'hotel_ask', 'source_type': None}), HotelAskChunk(score=0.0, chunk_id=None, section=None, content='No text field', metadata={'hotel_id': 12345, 'query': 'test', 'source': 'hotel_ask', 'source_type': None})])">self = &lt;smoke_test.test_rag_tool_integration.TestErrorHandlingWithRealIds object at 0x0000027397C3B5C0&gt;

    def test_malformed_chunk_handling(self):
        """Test handling of malformed chunks from Qdrant."""
        from tools.rag_tool import _normalize_chunks
    
        malformed = {
            "chunks": [
                {"text": "Valid chunk"},  # valid
                {"content": "No text field"},  # missing text
                {"text": ""},  # empty text
                {"text": "   "},  # whitespace only
            ]
        }
        result = _normalize_chunks(malformed, hotel_id=12345, query="test")
    
        # Should only normalize valid chunks
&gt;       assert len(result) == 1
E       AssertionError: assert 2 == 1
E        +  where 2 = len([HotelAskChunk(score=0.0, chunk_id=None, section=None, content='Valid chunk', metadata={'hotel_id': 12345, 'query': 'test', 'source': 'hotel_ask', 'source_type': None}), HotelAskChunk(score=0.0, chunk_id=None, section=None, content='No text field', metadata={'hotel_id': 12345, 'query': 'test', 'source': 'hotel_ask', 'source_type': None})])

app\rag\smoke_test\test_rag_tool_integration.py:311: AssertionError</failure></testcase><testcase classname="app.rag.smoke_test.test_rag_tool_integration" name="test_each_hotel_id_valid[12345]" time="0.000" /><testcase classname="app.rag.smoke_test.test_rag_tool_integration" name="test_each_hotel_id_valid[23456]" time="0.000" /><testcase classname="app.rag.smoke_test.test_rag_tool_integration" name="test_each_hotel_id_valid[34567]" time="0.000" /><testcase classname="app.rag.smoke_test.test_rag_tool_integration" name="test_each_hotel_id_valid[45678]" time="0.000" /><testcase classname="app.rag.smoke_test.test_rag_tool_integration" name="test_each_hotel_id_valid[56789]" time="0.000" /><testcase classname="app.rag.smoke_test.test_rag_tool_integration" name="test_query_to_sections_mapping[amenities-expected_sections0]" time="0.000" /><testcase classname="app.rag.smoke_test.test_rag_tool_integration" name="test_query_to_sections_mapping[room types-expected_sections1]" time="0.000" /><testcase classname="app.rag.smoke_test.test_rag_tool_integration" name="test_query_to_sections_mapping[questions-expected_sections2]" time="0.000" /><testcase classname="app.rag.smoke_test.test_rag_tool_integration" name="test_query_to_sections_mapping[full info-expected_sections3]" time="0.000" /></testsuite></testsuites>