<?xml version="1.0" encoding="utf-8"?><testsuites><testsuite name="pytest" errors="0" failures="3" skipped="0" tests="10" time="0.425" timestamp="2026-06-26T16:37:05.578744+07:00" hostname="DESKTOP-P02PQHS"><testcase classname="app.rag.smoke_test.component_test" name="test_structured_input" time="0.002" /><testcase classname="app.rag.smoke_test.component_test" name="test_graph_connection" time="0.001" /><testcase classname="app.rag.smoke_test.component_test" name="test_graph_search" time="0.001" /><testcase classname="app.rag.smoke_test.component_test" name="test_rag_search" time="0.236" /><testcase classname="app.rag.smoke_test.test_graph_tool" name="test_graph_config" time="0.001"><failure message="AssertionError: GRAPH_DB_PASSWORD or NEO4J_PASSWORD is required&#10;assert ''">..\..\..\DA09_Smart-AI-Search-Recommendation-Assistant\DA09_Smart-AI-Search-Recommendation-Assistant\backend\app\rag\smoke_test\test_graph_tool.py:32: in test_graph_config
    assert config["password"], "GRAPH_DB_PASSWORD or NEO4J_PASSWORD is required"
E   AssertionError: GRAPH_DB_PASSWORD or NEO4J_PASSWORD is required
E   assert ''</failure></testcase><testcase classname="app.rag.smoke_test.test_graph_tool" name="test_graph_connection" time="0.001"><failure message="ValueError: Neo4j credentials are not set. Add NEO4J_USER and NEO4J_PASSWORD or GRAPH_DB_USER and GRAPH_DB_PASSWORD to .env.">..\..\..\DA09_Smart-AI-Search-Recommendation-Assistant\DA09_Smart-AI-Search-Recommendation-Assistant\backend\app\rag\smoke_test\test_graph_tool.py:42: in test_graph_connection
    rows = run_cypher("MATCH (n) RETURN count(n) AS node_count")
app\rag\tools\graph_tool.py:106: in run_cypher
    raise ValueError(
E   ValueError: Neo4j credentials are not set. Add NEO4J_USER and NEO4J_PASSWORD or GRAPH_DB_USER and GRAPH_DB_PASSWORD to .env.</failure></testcase><testcase classname="app.rag.smoke_test.test_graph_tool" name="test_graph_metadata" time="0.001"><failure message="ValueError: Neo4j credentials are not set. Add NEO4J_USER and NEO4J_PASSWORD or GRAPH_DB_USER and GRAPH_DB_PASSWORD to .env.">..\..\..\DA09_Smart-AI-Search-Recommendation-Assistant\DA09_Smart-AI-Search-Recommendation-Assistant\backend\app\rag\smoke_test\test_graph_tool.py:56: in test_graph_metadata
    label_rows = run_cypher("CALL db.labels() YIELD label RETURN collect(label) AS labels")
app\rag\tools\graph_tool.py:106: in run_cypher
    raise ValueError(
E   ValueError: Neo4j credentials are not set. Add NEO4J_USER and NEO4J_PASSWORD or GRAPH_DB_USER and GRAPH_DB_PASSWORD to .env.</failure></testcase><testcase classname="app.rag.smoke_test.test_graph_tool" name="test_search_graph_returns_list" time="0.001" /><testcase classname="app.rag.smoke_test.test_graph_tool" name="test_search_graph_result_structure" time="0.001" /><testcase classname="app.rag.smoke_test.test_graph_tool" name="test_search_graph_top_k_zero" time="0.000" /></testsuite></testsuites>