<?xml version="1.0" encoding="utf-8"?><testsuites><testsuite name="pytest" errors="0" failures="0" skipped="3" tests="39" time="0.183" timestamp="2026-06-26T16:49:10.639742+07:00" hostname="DESKTOP-P02PQHS"><testcase classname="app.rag.smoke_test.test_rag_tool.TestHotelAskInput" name="test_input_defaults" time="0.001" /><testcase classname="app.rag.smoke_test.test_rag_tool.TestHotelAskInput" name="test_input_with_values" time="0.001" /><testcase classname="app.rag.smoke_test.test_rag_tool.TestHotelAskChunk" name="test_chunk_defaults" time="0.001" /><testcase classname="app.rag.smoke_test.test_rag_tool.TestHotelAskChunk" name="test_chunk_full" time="0.001" /><testcase classname="app.rag.smoke_test.test_rag_tool.TestHotelAskOutput" name="test_output_defaults" time="0.001" /><testcase classname="app.rag.smoke_test.test_rag_tool.TestHotelAskOutput" name="test_output_with_chunks_and_errors" time="0.001" /><testcase classname="app.rag.smoke_test.test_rag_tool.TestUtilityFunctions" name="test_uniq_ints_basic" time="0.001" /><testcase classname="app.rag.smoke_test.test_rag_tool.TestUtilityFunctions" name="test_uniq_ints_with_strings" time="0.001" /><testcase classname="app.rag.smoke_test.test_rag_tool.TestUtilityFunctions" name="test_uniq_ints_mixed" time="0.001" /><testcase classname="app.rag.smoke_test.test_rag_tool.TestUtilityFunctions" name="test_uniq_ints_invalid" time="0.001" /><testcase classname="app.rag.smoke_test.test_rag_tool.TestUtilityFunctions" name="test_uniq_ints_empty" time="0.001" /><testcase classname="app.rag.smoke_test.test_rag_tool.TestUtilityFunctions" name="test_normalize_sections_valid" time="0.001" /><testcase classname="app.rag.smoke_test.test_rag_tool.TestUtilityFunctions" name="test_normalize_sections_invalid" time="0.001" /><testcase classname="app.rag.smoke_test.test_rag_tool.TestUtilityFunctions" name="test_normalize_sections_duplicates" time="0.001" /><testcase classname="app.rag.smoke_test.test_rag_tool.TestUtilityFunctions" name="test_normalize_sections_empty" time="0.001" /><testcase classname="app.rag.smoke_test.test_rag_tool.TestUtilityFunctions" name="test_normalize_sections_none" time="0.001" /><testcase classname="app.rag.smoke_test.test_rag_tool.TestUtilityFunctions" name="test_coerce_float_valid" time="0.001" /><testcase classname="app.rag.smoke_test.test_rag_tool.TestUtilityFunctions" name="test_coerce_float_invalid" time="0.001" /><testcase classname="app.rag.smoke_test.test_rag_tool.TestNormalizeChunks" name="test_normalize_chunks_valid" time="0.001" /><testcase classname="app.rag.smoke_test.test_rag_tool.TestNormalizeChunks" name="test_normalize_chunks_alt_keys" time="0.001" /><testcase classname="app.rag.smoke_test.test_rag_tool.TestNormalizeChunks" name="test_normalize_chunks_empty" time="0.001" /><testcase classname="app.rag.smoke_test.test_rag_tool.TestNormalizeChunks" name="test_normalize_chunks_invalid_format" time="0.001" /><testcase classname="app.rag.smoke_test.test_rag_tool.TestNormalizeChunks" name="test_normalize_chunks_empty_content" time="0.001" /><testcase classname="app.rag.smoke_test.test_rag_tool.TestHotelAskTool" name="test_init_defaults" time="0.001" /><testcase classname="app.rag.smoke_test.test_rag_tool.TestHotelAskTool" name="test_init_custom" time="0.001" /><testcase classname="app.rag.smoke_test.test_rag_tool.TestHotelAskTool" name="test_base_url_from_env" time="0.003" /><testcase classname="app.rag.smoke_test.test_rag_tool.TestHotelAskTool" name="test_should_retry_timeout" time="0.001" /><testcase classname="app.rag.smoke_test.test_rag_tool.TestHotelAskTool" name="test_should_retry_http_error" time="0.001" /><testcase classname="app.rag.smoke_test.test_rag_tool.TestHotelAskTool" name="test_should_retry_max_retries" time="0.001" /><testcase classname="app.rag.smoke_test.test_rag_tool" name="test_hotel_ask_tool_ask_empty_query" time="0.001"><skipped type="pytest.skip" message="async def function and no async plugin installed (see warnings)">D:\anaconda\Lib\site-packages\_pytest\python.py:149: async def function and no async plugin installed (see warnings)</skipped></testcase><testcase classname="app.rag.smoke_test.test_rag_tool" name="test_hotel_ask_tool_ask_no_hotel_ids" time="0.001"><skipped type="pytest.skip" message="async def function and no async plugin installed (see warnings)">D:\anaconda\Lib\site-packages\_pytest\python.py:149: async def function and no async plugin installed (see warnings)</skipped></testcase><testcase classname="app.rag.smoke_test.test_rag_tool" name="test_hotel_ask_tool_context_manager" time="0.001"><skipped type="pytest.skip" message="async def function and no async plugin installed (see warnings)">D:\anaconda\Lib\site-packages\_pytest\python.py:149: async def function and no async plugin installed (see warnings)</skipped></testcase><testcase classname="app.rag.smoke_test.test_rag_tool.TestSearchRag" name="test_search_rag_empty_query" time="0.001" /><testcase classname="app.rag.smoke_test.test_rag_tool.TestSearchRag" name="test_search_rag_whitespace_query" time="0.001" /><testcase classname="app.rag.smoke_test.test_rag_tool.TestSearchRag" name="test_search_rag_with_hotel_ids" time="0.001" /><testcase classname="app.rag.smoke_test.test_rag_tool.TestEdgeCases" name="test_normalize_chunks_with_metadata_section" time="0.001" /><testcase classname="app.rag.smoke_test.test_rag_tool.TestEdgeCases" name="test_uniq_ints_preserves_order" time="0.001" /><testcase classname="app.rag.smoke_test.test_rag_tool.TestEdgeCases" name="test_normalize_sections_with_spaces" time="0.001" /><testcase classname="app.rag.smoke_test.test_rag_tool.TestEdgeCases" name="test_coerce_float_negative" time="0.001" /></testsuite></testsuites>